2021-07-22T09:22:34+00:00 CRITICAL Uncaught Error: Class 'Lusion_Helper' not found in C:\xampp\htdocs\dungvd\wp-content\plugins\arrowpress-core\includes\metabox\metabox.php:25
Stack trace:
#0 C:\xampp\htdocs\dungvd\wp-content\plugins\arrowpress-core\includes\metabox\metabox.php(358): Apr_Metabox->general_option()
#1 C:\xampp\htdocs\dungvd\wp-content\plugins\arrowpress-core\includes\metabox\metabox.php(377): Apr_Metabox->general_meta_fields()
#2 C:\xampp\htdocs\dungvd\wp-content\plugins\arrowpress-core\includes\metabox\metabox.php(369): Apr_Metabox->field_generator(Object(WP_Post))
#3 C:\xampp\htdocs\dungvd\wp-admin\includes\template.php(1395): Apr_Metabox->meta_box_callback(Object(WP_Post), Array)
#4 C:\xampp\htdocs\dungvd\wp-admin\includes\post.php(2274): do_meta_boxes(Object(WP_Screen), 'normal', Object(WP_Post))
#5 C:\xampp\htdocs\dungvd\wp-admin\edit-form-blocks.php(296): the_block_editor_meta_boxes()
#6 C:\xampp\htdocs\dungvd\wp-admin\post.php(187): require('C:\\xampp\\htdocs...')
#7 {main}
  thrown in C:\xampp\htdocs\dungvd\wp-content\plugins\arrowpress-core\includes\metabox\metabox.php on line 25

2021-07-22T09:23:19+00:00 CRITICAL Uncaught Error: Class 'Lusion_Helper' not found in C:\xampp\htdocs\dungvd\wp-content\plugins\arrowpress-core\includes\metabox\metabox.php:25
Stack trace:
#0 C:\xampp\htdocs\dungvd\wp-content\plugins\arrowpress-core\includes\metabox\metabox.php(358): Apr_Metabox->general_option()
#1 C:\xampp\htdocs\dungvd\wp-content\plugins\arrowpress-core\includes\metabox\metabox.php(377): Apr_Metabox->general_meta_fields()
#2 C:\xampp\htdocs\dungvd\wp-content\plugins\arrowpress-core\includes\metabox\metabox.php(369): Apr_Metabox->field_generator(Object(WP_Post))
#3 C:\xampp\htdocs\dungvd\wp-admin\includes\template.php(1395): Apr_Metabox->meta_box_callback(Object(WP_Post), Array)
#4 C:\xampp\htdocs\dungvd\wp-admin\includes\post.php(2274): do_meta_boxes(Object(WP_Screen), 'normal', Object(WP_Post))
#5 C:\xampp\htdocs\dungvd\wp-admin\edit-form-blocks.php(296): the_block_editor_meta_boxes()
#6 C:\xampp\htdocs\dungvd\wp-admin\post.php(187): require('C:\\xampp\\htdocs...')
#7 {main}
  thrown in C:\xampp\htdocs\dungvd\wp-content\plugins\arrowpress-core\includes\metabox\metabox.php on line 25

2021-07-22T09:24:10+00:00 CRITICAL Uncaught Error: Class 'Lusion_Helper' not found in C:\xampp\htdocs\dungvd\wp-content\plugins\arrowpress-core\includes\metabox\metabox.php:25
Stack trace:
#0 C:\xampp\htdocs\dungvd\wp-content\plugins\arrowpress-core\includes\metabox\metabox.php(358): Apr_Metabox->general_option()
#1 C:\xampp\htdocs\dungvd\wp-content\plugins\arrowpress-core\includes\metabox\metabox.php(377): Apr_Metabox->general_meta_fields()
#2 C:\xampp\htdocs\dungvd\wp-content\plugins\arrowpress-core\includes\metabox\metabox.php(369): Apr_Metabox->field_generator(Object(WP_Post))
#3 C:\xampp\htdocs\dungvd\wp-admin\includes\template.php(1395): Apr_Metabox->meta_box_callback(Object(WP_Post), Array)
#4 C:\xampp\htdocs\dungvd\wp-admin\edit-form-advanced.php(688): do_meta_boxes(Object(WP_Screen), 'normal', Object(WP_Post))
#5 C:\xampp\htdocs\dungvd\wp-admin\post.php(206): require('C:\\xampp\\htdocs...')
#6 {main}
  thrown in C:\xampp\htdocs\dungvd\wp-content\plugins\arrowpress-core\includes\metabox\metabox.php on line 25

2021-07-22T09:26:56+00:00 CRITICAL Uncaught Error: Call to undefined method CCT_Helper::get_registered_sidebars() in C:\xampp\htdocs\dungvd\wp-content\plugins\arrowpress-core\includes\metabox\metabox.php:25
Stack trace:
#0 C:\xampp\htdocs\dungvd\wp-content\plugins\arrowpress-core\includes\metabox\metabox.php(358): Apr_Metabox->general_option()
#1 C:\xampp\htdocs\dungvd\wp-content\plugins\arrowpress-core\includes\metabox\metabox.php(377): Apr_Metabox->general_meta_fields()
#2 C:\xampp\htdocs\dungvd\wp-content\plugins\arrowpress-core\includes\metabox\metabox.php(369): Apr_Metabox->field_generator(Object(WP_Post))
#3 C:\xampp\htdocs\dungvd\wp-admin\includes\template.php(1395): Apr_Metabox->meta_box_callback(Object(WP_Post), Array)
#4 C:\xampp\htdocs\dungvd\wp-admin\edit-form-advanced.php(688): do_meta_boxes(Object(WP_Screen), 'normal', Object(WP_Post))
#5 C:\xampp\htdocs\dungvd\wp-admin\post.php(206): require('C:\\xampp\\htdocs...')
#6 {main}
  thrown in C:\xampp\htdocs\dungvd\wp-content\plugins\arrowpress-core\includes\metabox\metabox.php on line 25

2021-07-22T09:28:34+00:00 CRITICAL Uncaught Error: Call to undefined method CCT_Helper::get_registered_sidebars() in C:\xampp\htdocs\dungvd\wp-content\plugins\arrowpress-core\includes\metabox\metabox.php:25
Stack trace:
#0 C:\xampp\htdocs\dungvd\wp-content\plugins\arrowpress-core\includes\metabox\metabox.php(358): Apr_Metabox->general_option()
#1 C:\xampp\htdocs\dungvd\wp-content\plugins\arrowpress-core\includes\metabox\metabox.php(377): Apr_Metabox->general_meta_fields()
#2 C:\xampp\htdocs\dungvd\wp-content\plugins\arrowpress-core\includes\metabox\metabox.php(369): Apr_Metabox->field_generator(Object(WP_Post))
#3 C:\xampp\htdocs\dungvd\wp-admin\includes\template.php(1395): Apr_Metabox->meta_box_callback(Object(WP_Post), Array)
#4 C:\xampp\htdocs\dungvd\wp-admin\edit-form-advanced.php(688): do_meta_boxes(Object(WP_Screen), 'normal', Object(WP_Post))
#5 C:\xampp\htdocs\dungvd\wp-admin\post.php(206): require('C:\\xampp\\htdocs...')
#6 {main}
  thrown in C:\xampp\htdocs\dungvd\wp-content\plugins\arrowpress-core\includes\metabox\metabox.php on line 25

2021-07-22T09:30:03+00:00 CRITICAL Uncaught Error: Call to undefined method CCT_Helper::get_registered_sidebars() in C:\xampp\htdocs\dungvd\wp-content\plugins\arrowpress-core\includes\metabox\metabox.php:25
Stack trace:
#0 C:\xampp\htdocs\dungvd\wp-content\plugins\arrowpress-core\includes\metabox\metabox.php(358): Apr_Metabox->general_option()
#1 C:\xampp\htdocs\dungvd\wp-content\plugins\arrowpress-core\includes\metabox\metabox.php(377): Apr_Metabox->general_meta_fields()
#2 C:\xampp\htdocs\dungvd\wp-content\plugins\arrowpress-core\includes\metabox\metabox.php(369): Apr_Metabox->field_generator(Object(WP_Post))
#3 C:\xampp\htdocs\dungvd\wp-admin\includes\template.php(1395): Apr_Metabox->meta_box_callback(Object(WP_Post), Array)
#4 C:\xampp\htdocs\dungvd\wp-admin\edit-form-advanced.php(688): do_meta_boxes(Object(WP_Screen), 'normal', Object(WP_Post))
#5 C:\xampp\htdocs\dungvd\wp-admin\post.php(206): require('C:\\xampp\\htdocs...')
#6 {main}
  thrown in C:\xampp\htdocs\dungvd\wp-content\plugins\arrowpress-core\includes\metabox\metabox.php on line 25

2021-07-22T09:32:29+00:00 CRITICAL Uncaught Error: Class 'Lusion_Helper' not found in C:\xampp\htdocs\dungvd\wp-content\plugins\arrowpress-core\includes\metabox\metabox.php:25
Stack trace:
#0 C:\xampp\htdocs\dungvd\wp-content\plugins\arrowpress-core\includes\metabox\metabox.php(358): Apr_Metabox->general_option()
#1 C:\xampp\htdocs\dungvd\wp-content\plugins\arrowpress-core\includes\metabox\metabox.php(377): Apr_Metabox->general_meta_fields()
#2 C:\xampp\htdocs\dungvd\wp-content\plugins\arrowpress-core\includes\metabox\metabox.php(369): Apr_Metabox->field_generator(Object(WP_Post))
#3 C:\xampp\htdocs\dungvd\wp-admin\includes\template.php(1395): Apr_Metabox->meta_box_callback(Object(WP_Post), Array)
#4 C:\xampp\htdocs\dungvd\wp-admin\edit-form-advanced.php(688): do_meta_boxes(Object(WP_Screen), 'normal', Object(WP_Post))
#5 C:\xampp\htdocs\dungvd\wp-admin\post.php(206): require('C:\\xampp\\htdocs...')
#6 {main}
  thrown in C:\xampp\htdocs\dungvd\wp-content\plugins\arrowpress-core\includes\metabox\metabox.php on line 25

2021-07-22T09:33:39+00:00 CRITICAL Uncaught Error: Class 'Lusion_Helper' not found in C:\xampp\htdocs\dungvd\wp-content\plugins\arrowpress-core\includes\metabox\metabox.php:25
Stack trace:
#0 C:\xampp\htdocs\dungvd\wp-content\plugins\arrowpress-core\includes\metabox\metabox.php(358): Apr_Metabox->general_option()
#1 C:\xampp\htdocs\dungvd\wp-content\plugins\arrowpress-core\includes\metabox\metabox.php(377): Apr_Metabox->general_meta_fields()
#2 C:\xampp\htdocs\dungvd\wp-content\plugins\arrowpress-core\includes\metabox\metabox.php(369): Apr_Metabox->field_generator(Object(WP_Post))
#3 C:\xampp\htdocs\dungvd\wp-admin\includes\template.php(1395): Apr_Metabox->meta_box_callback(Object(WP_Post), Array)
#4 C:\xampp\htdocs\dungvd\wp-admin\edit-form-advanced.php(688): do_meta_boxes(Object(WP_Screen), 'normal', Object(WP_Post))
#5 C:\xampp\htdocs\dungvd\wp-admin\post.php(206): require('C:\\xampp\\htdocs...')
#6 {main}
  thrown in C:\xampp\htdocs\dungvd\wp-content\plugins\arrowpress-core\includes\metabox\metabox.php on line 25

2021-07-22T09:35:25+00:00 CRITICAL Uncaught Error: Call to undefined method CCT_Helper::get_registered_sidebars() in C:\xampp\htdocs\dungvd\wp-content\plugins\arrowpress-core\includes\metabox\metabox.php:25
Stack trace:
#0 C:\xampp\htdocs\dungvd\wp-content\plugins\arrowpress-core\includes\metabox\metabox.php(358): Apr_Metabox->general_option()
#1 C:\xampp\htdocs\dungvd\wp-content\plugins\arrowpress-core\includes\metabox\metabox.php(377): Apr_Metabox->general_meta_fields()
#2 C:\xampp\htdocs\dungvd\wp-content\plugins\arrowpress-core\includes\metabox\metabox.php(369): Apr_Metabox->field_generator(Object(WP_Post))
#3 C:\xampp\htdocs\dungvd\wp-admin\includes\template.php(1395): Apr_Metabox->meta_box_callback(Object(WP_Post), Array)
#4 C:\xampp\htdocs\dungvd\wp-admin\edit-form-advanced.php(688): do_meta_boxes(Object(WP_Screen), 'normal', Object(WP_Post))
#5 C:\xampp\htdocs\dungvd\wp-admin\post.php(206): require('C:\\xampp\\htdocs...')
#6 {main}
  thrown in C:\xampp\htdocs\dungvd\wp-content\plugins\arrowpress-core\includes\metabox\metabox.php on line 25

2021-07-22T10:18:40+00:00 CRITICAL Uncaught Error: Call to undefined function pll_languages_list() in C:\xampp\htdocs\dungvd\wp-content\themes\cct\inc\core\core.php:182
Stack trace:
#0 C:\xampp\htdocs\dungvd\wp-content\themes\cct\components\header\header-1.php(58): cct_get_language_location()
#1 C:\xampp\htdocs\dungvd\wp-includes\template.php(772): require('C:\\xampp\\htdocs...')
#2 C:\xampp\htdocs\dungvd\wp-includes\template.php(716): load_template('C:\\xampp\\htdocs...', false, Array)
#3 C:\xampp\htdocs\dungvd\wp-includes\general-template.php(204): locate_template(Array, true, false, Array)
#4 C:\xampp\htdocs\dungvd\wp-content\themes\cct\inc\modules\header.php(19): get_template_part('components/head...')
#5 C:\xampp\htdocs\dungvd\wp-content\themes\cct\header.php(18): cct_header()
#6 C:\xampp\htdocs\dungvd\wp-includes\template.php(770): require_once('C:\\xampp\\htdocs...')
#7 C:\xampp\htdocs\dungvd\wp-includes\template.php(716): load_template('C:\\xampp\\htdocs...', true, Array)
#8 C:\xampp\htdocs\dungvd\wp-includes\general-template.php(48):  in C:\xampp\htdocs\dungvd\wp-content\themes\cct\inc\core\core.php on line 182

2021-07-22T10:18:44+00:00 CRITICAL Uncaught Error: Call to undefined function pll_languages_list() in C:\xampp\htdocs\dungvd\wp-content\themes\cct\inc\core\core.php:182
Stack trace:
#0 C:\xampp\htdocs\dungvd\wp-content\themes\cct\components\header\header-1.php(58): cct_get_language_location()
#1 C:\xampp\htdocs\dungvd\wp-includes\template.php(772): require('C:\\xampp\\htdocs...')
#2 C:\xampp\htdocs\dungvd\wp-includes\template.php(716): load_template('C:\\xampp\\htdocs...', false, Array)
#3 C:\xampp\htdocs\dungvd\wp-includes\general-template.php(204): locate_template(Array, true, false, Array)
#4 C:\xampp\htdocs\dungvd\wp-content\themes\cct\inc\modules\header.php(19): get_template_part('components/head...')
#5 C:\xampp\htdocs\dungvd\wp-content\themes\cct\header.php(18): cct_header()
#6 C:\xampp\htdocs\dungvd\wp-includes\template.php(770): require_once('C:\\xampp\\htdocs...')
#7 C:\xampp\htdocs\dungvd\wp-includes\template.php(716): load_template('C:\\xampp\\htdocs...', true, Array)
#8 C:\xampp\htdocs\dungvd\wp-includes\general-template.php(48):  in C:\xampp\htdocs\dungvd\wp-content\themes\cct\inc\core\core.php on line 182

2021-07-22T17:20:31+00:00 CRITICAL Uncaught Error: Object of class WP_Term could not be converted to string in C:\xampp\htdocs\dungvd\wp-content\themes\cct\inc\modules\footer.php:130
Stack trace:
#0 C:\xampp\htdocs\dungvd\wp-content\themes\cct\footer.php(5): cct_footer_area()
#1 C:\xampp\htdocs\dungvd\wp-includes\template.php(770): require_once('C:\\xampp\\htdocs...')
#2 C:\xampp\htdocs\dungvd\wp-includes\template.php(716): load_template('C:\\xampp\\htdocs...', true, Array)
#3 C:\xampp\htdocs\dungvd\wp-includes\general-template.php(92): locate_template(Array, true, true, Array)
#4 C:\xampp\htdocs\dungvd\wp-content\themes\cct\archive.php(8): get_footer()
#5 C:\xampp\htdocs\dungvd\wp-includes\template-loader.php(106): include('C:\\xampp\\htdocs...')
#6 C:\xampp\htdocs\dungvd\wp-blog-header.php(19): require_once('C:\\xampp\\htdocs...')
#7 C:\xampp\htdocs\dungvd\index.php(17): require('C:\\xampp\\htdocs...')
#8 {main}
  thrown in C:\xampp\htdocs\dungvd\wp-content\themes\cct\inc\modules\footer.php on line 130

2021-07-22T17:20:33+00:00 CRITICAL Uncaught Error: Object of class WP_Term could not be converted to string in C:\xampp\htdocs\dungvd\wp-content\themes\cct\inc\modules\footer.php:130
Stack trace:
#0 C:\xampp\htdocs\dungvd\wp-content\themes\cct\footer.php(5): cct_footer_area()
#1 C:\xampp\htdocs\dungvd\wp-includes\template.php(770): require_once('C:\\xampp\\htdocs...')
#2 C:\xampp\htdocs\dungvd\wp-includes\template.php(716): load_template('C:\\xampp\\htdocs...', true, Array)
#3 C:\xampp\htdocs\dungvd\wp-includes\general-template.php(92): locate_template(Array, true, true, Array)
#4 C:\xampp\htdocs\dungvd\wp-content\themes\cct\404.php(12): get_footer()
#5 C:\xampp\htdocs\dungvd\wp-includes\template-loader.php(106): include('C:\\xampp\\htdocs...')
#6 C:\xampp\htdocs\dungvd\wp-blog-header.php(19): require_once('C:\\xampp\\htdocs...')
#7 C:\xampp\htdocs\dungvd\index.php(17): require('C:\\xampp\\htdocs...')
#8 {main}
  thrown in C:\xampp\htdocs\dungvd\wp-content\themes\cct\inc\modules\footer.php on line 130

2021-07-22T17:28:16+00:00 CRITICAL syntax error, unexpected 'echo' (T_ECHO) in C:\xampp\htdocs\dungvd\wp-content\themes\cct\inc\modules\footer.php on line 132

2021-07-22T17:31:17+00:00 CRITICAL syntax error, unexpected end of file in C:\xampp\htdocs\dungvd\wp-content\themes\cct\inc\modules\footer.php on line 198

2021-07-22T17:31:27+00:00 CRITICAL syntax error, unexpected end of file in C:\xampp\htdocs\dungvd\wp-content\themes\cct\inc\modules\footer.php on line 198

2021-07-22T17:31:32+00:00 CRITICAL syntax error, unexpected end of file in C:\xampp\htdocs\dungvd\wp-content\themes\cct\inc\modules\footer.php on line 198

2021-07-22T17:32:16+00:00 CRITICAL syntax error, unexpected end of file in C:\xampp\htdocs\dungvd\wp-content\themes\cct\inc\modules\footer.php on line 182

2021-07-22T17:35:35+00:00 CRITICAL syntax error, unexpected '<' in C:\xampp\htdocs\dungvd\wp-content\themes\cct\inc\modules\footer.php on line 116

2021-07-22T17:44:45+00:00 CRITICAL Cannot use [] for reading in C:\xampp\htdocs\dungvd\wp-content\themes\cct\inc\modules\footer.php on line 115

2021-07-22T17:46:23+00:00 CRITICAL Cannot use [] for reading in C:\xampp\htdocs\dungvd\wp-content\themes\cct\inc\modules\footer.php on line 115

2021-07-22T17:46:46+00:00 CRITICAL Cannot use [] for reading in C:\xampp\htdocs\dungvd\wp-content\themes\cct\inc\modules\footer.php on line 115

2021-07-22T17:47:20+00:00 CRITICAL Cannot use [] for reading in C:\xampp\htdocs\dungvd\wp-content\themes\cct\inc\modules\footer.php on line 115

2021-07-22T17:47:21+00:00 CRITICAL Cannot use [] for reading in C:\xampp\htdocs\dungvd\wp-content\themes\cct\inc\modules\footer.php on line 115

2021-07-22T17:48:23+00:00 CRITICAL Cannot use [] for reading in C:\xampp\htdocs\dungvd\wp-content\themes\cct\inc\modules\footer.php on line 115

2021-07-22T17:52:33+00:00 CRITICAL Cannot use [] for reading in C:\xampp\htdocs\dungvd\wp-content\themes\cct\inc\modules\footer.php on line 115

2021-07-22T18:03:30+00:00 CRITICAL Uncaught Error: Cannot use object of type WP_Term as array in C:\xampp\htdocs\dungvd\wp-content\themes\cct\inc\modules\footer.php:118
Stack trace:
#0 C:\xampp\htdocs\dungvd\wp-content\themes\cct\footer.php(5): cct_footer_area()
#1 C:\xampp\htdocs\dungvd\wp-includes\template.php(770): require_once('C:\\xampp\\htdocs...')
#2 C:\xampp\htdocs\dungvd\wp-includes\template.php(716): load_template('C:\\xampp\\htdocs...', true, Array)
#3 C:\xampp\htdocs\dungvd\wp-includes\general-template.php(92): locate_template(Array, true, true, Array)
#4 C:\xampp\htdocs\dungvd\wp-content\themes\cct\search.php(8): get_footer()
#5 C:\xampp\htdocs\dungvd\wp-includes\template-loader.php(106): include('C:\\xampp\\htdocs...')
#6 C:\xampp\htdocs\dungvd\wp-blog-header.php(19): require_once('C:\\xampp\\htdocs...')
#7 C:\xampp\htdocs\dungvd\index.php(17): require('C:\\xampp\\htdocs...')
#8 {main}
  thrown in C:\xampp\htdocs\dungvd\wp-content\themes\cct\inc\modules\footer.php on line 118

2021-07-22T18:03:32+00:00 CRITICAL Uncaught Error: Cannot use object of type WP_Term as array in C:\xampp\htdocs\dungvd\wp-content\themes\cct\inc\modules\footer.php:118
Stack trace:
#0 C:\xampp\htdocs\dungvd\wp-content\themes\cct\footer.php(5): cct_footer_area()
#1 C:\xampp\htdocs\dungvd\wp-includes\template.php(770): require_once('C:\\xampp\\htdocs...')
#2 C:\xampp\htdocs\dungvd\wp-includes\template.php(716): load_template('C:\\xampp\\htdocs...', true, Array)
#3 C:\xampp\htdocs\dungvd\wp-includes\general-template.php(92): locate_template(Array, true, true, Array)
#4 C:\xampp\htdocs\dungvd\wp-content\themes\cct\404.php(12): get_footer()
#5 C:\xampp\htdocs\dungvd\wp-includes\template-loader.php(106): include('C:\\xampp\\htdocs...')
#6 C:\xampp\htdocs\dungvd\wp-blog-header.php(19): require_once('C:\\xampp\\htdocs...')
#7 C:\xampp\htdocs\dungvd\index.php(17): require('C:\\xampp\\htdocs...')
#8 {main}
  thrown in C:\xampp\htdocs\dungvd\wp-content\themes\cct\inc\modules\footer.php on line 118

2021-07-22T18:03:38+00:00 CRITICAL Uncaught Error: Cannot use object of type WP_Term as array in C:\xampp\htdocs\dungvd\wp-content\themes\cct\inc\modules\footer.php:118
Stack trace:
#0 C:\xampp\htdocs\dungvd\wp-content\themes\cct\footer.php(5): cct_footer_area()
#1 C:\xampp\htdocs\dungvd\wp-includes\template.php(770): require_once('C:\\xampp\\htdocs...')
#2 C:\xampp\htdocs\dungvd\wp-includes\template.php(716): load_template('C:\\xampp\\htdocs...', true, Array)
#3 C:\xampp\htdocs\dungvd\wp-includes\general-template.php(92): locate_template(Array, true, true, Array)
#4 C:\xampp\htdocs\dungvd\wp-content\themes\cct\index.php(8): get_footer()
#5 C:\xampp\htdocs\dungvd\wp-includes\template-loader.php(106): include('C:\\xampp\\htdocs...')
#6 C:\xampp\htdocs\dungvd\wp-blog-header.php(19): require_once('C:\\xampp\\htdocs...')
#7 C:\xampp\htdocs\dungvd\index.php(17): require('C:\\xampp\\htdocs...')
#8 {main}
  thrown in C:\xampp\htdocs\dungvd\wp-content\themes\cct\inc\modules\footer.php on line 118

2021-07-22T18:03:39+00:00 CRITICAL Uncaught Error: Cannot use object of type WP_Term as array in C:\xampp\htdocs\dungvd\wp-content\themes\cct\inc\modules\footer.php:118
Stack trace:
#0 C:\xampp\htdocs\dungvd\wp-content\themes\cct\footer.php(5): cct_footer_area()
#1 C:\xampp\htdocs\dungvd\wp-includes\template.php(770): require_once('C:\\xampp\\htdocs...')
#2 C:\xampp\htdocs\dungvd\wp-includes\template.php(716): load_template('C:\\xampp\\htdocs...', true, Array)
#3 C:\xampp\htdocs\dungvd\wp-includes\general-template.php(92): locate_template(Array, true, true, Array)
#4 C:\xampp\htdocs\dungvd\wp-content\themes\cct\404.php(12): get_footer()
#5 C:\xampp\htdocs\dungvd\wp-includes\template-loader.php(106): include('C:\\xampp\\htdocs...')
#6 C:\xampp\htdocs\dungvd\wp-blog-header.php(19): require_once('C:\\xampp\\htdocs...')
#7 C:\xampp\htdocs\dungvd\index.php(17): require('C:\\xampp\\htdocs...')
#8 {main}
  thrown in C:\xampp\htdocs\dungvd\wp-content\themes\cct\inc\modules\footer.php on line 118

2021-07-22T18:04:17+00:00 CRITICAL Uncaught Error: Cannot use object of type WP_Term as array in C:\xampp\htdocs\dungvd\wp-content\themes\cct\inc\modules\footer.php:118
Stack trace:
#0 C:\xampp\htdocs\dungvd\wp-content\themes\cct\footer.php(5): cct_footer_area()
#1 C:\xampp\htdocs\dungvd\wp-includes\template.php(770): require_once('C:\\xampp\\htdocs...')
#2 C:\xampp\htdocs\dungvd\wp-includes\template.php(716): load_template('C:\\xampp\\htdocs...', true, Array)
#3 C:\xampp\htdocs\dungvd\wp-includes\general-template.php(92): locate_template(Array, true, true, Array)
#4 C:\xampp\htdocs\dungvd\wp-content\themes\cct\index.php(8): get_footer()
#5 C:\xampp\htdocs\dungvd\wp-includes\template-loader.php(106): include('C:\\xampp\\htdocs...')
#6 C:\xampp\htdocs\dungvd\wp-blog-header.php(19): require_once('C:\\xampp\\htdocs...')
#7 C:\xampp\htdocs\dungvd\index.php(17): require('C:\\xampp\\htdocs...')
#8 {main}
  thrown in C:\xampp\htdocs\dungvd\wp-content\themes\cct\inc\modules\footer.php on line 118

2021-07-22T18:04:18+00:00 CRITICAL Uncaught Error: Cannot use object of type WP_Term as array in C:\xampp\htdocs\dungvd\wp-content\themes\cct\inc\modules\footer.php:118
Stack trace:
#0 C:\xampp\htdocs\dungvd\wp-content\themes\cct\footer.php(5): cct_footer_area()
#1 C:\xampp\htdocs\dungvd\wp-includes\template.php(770): require_once('C:\\xampp\\htdocs...')
#2 C:\xampp\htdocs\dungvd\wp-includes\template.php(716): load_template('C:\\xampp\\htdocs...', true, Array)
#3 C:\xampp\htdocs\dungvd\wp-includes\general-template.php(92): locate_template(Array, true, true, Array)
#4 C:\xampp\htdocs\dungvd\wp-content\themes\cct\404.php(12): get_footer()
#5 C:\xampp\htdocs\dungvd\wp-includes\template-loader.php(106): include('C:\\xampp\\htdocs...')
#6 C:\xampp\htdocs\dungvd\wp-blog-header.php(19): require_once('C:\\xampp\\htdocs...')
#7 C:\xampp\htdocs\dungvd\index.php(17): require('C:\\xampp\\htdocs...')
#8 {main}
  thrown in C:\xampp\htdocs\dungvd\wp-content\themes\cct\inc\modules\footer.php on line 118

2021-07-22T18:05:02+00:00 CRITICAL Uncaught Error: Cannot use object of type WP_Term as array in C:\xampp\htdocs\dungvd\wp-content\themes\cct\inc\modules\footer.php:117
Stack trace:
#0 C:\xampp\htdocs\dungvd\wp-content\themes\cct\footer.php(5): cct_footer_area()
#1 C:\xampp\htdocs\dungvd\wp-includes\template.php(770): require_once('C:\\xampp\\htdocs...')
#2 C:\xampp\htdocs\dungvd\wp-includes\template.php(716): load_template('C:\\xampp\\htdocs...', true, Array)
#3 C:\xampp\htdocs\dungvd\wp-includes\general-template.php(92): locate_template(Array, true, true, Array)
#4 C:\xampp\htdocs\dungvd\wp-content\themes\cct\index.php(8): get_footer()
#5 C:\xampp\htdocs\dungvd\wp-includes\template-loader.php(106): include('C:\\xampp\\htdocs...')
#6 C:\xampp\htdocs\dungvd\wp-blog-header.php(19): require_once('C:\\xampp\\htdocs...')
#7 C:\xampp\htdocs\dungvd\index.php(17): require('C:\\xampp\\htdocs...')
#8 {main}
  thrown in C:\xampp\htdocs\dungvd\wp-content\themes\cct\inc\modules\footer.php on line 117

2021-07-22T18:05:04+00:00 CRITICAL Uncaught Error: Cannot use object of type WP_Term as array in C:\xampp\htdocs\dungvd\wp-content\themes\cct\inc\modules\footer.php:117
Stack trace:
#0 C:\xampp\htdocs\dungvd\wp-content\themes\cct\footer.php(5): cct_footer_area()
#1 C:\xampp\htdocs\dungvd\wp-includes\template.php(770): require_once('C:\\xampp\\htdocs...')
#2 C:\xampp\htdocs\dungvd\wp-includes\template.php(716): load_template('C:\\xampp\\htdocs...', true, Array)
#3 C:\xampp\htdocs\dungvd\wp-includes\general-template.php(92): locate_template(Array, true, true, Array)
#4 C:\xampp\htdocs\dungvd\wp-content\themes\cct\404.php(12): get_footer()
#5 C:\xampp\htdocs\dungvd\wp-includes\template-loader.php(106): include('C:\\xampp\\htdocs...')
#6 C:\xampp\htdocs\dungvd\wp-blog-header.php(19): require_once('C:\\xampp\\htdocs...')
#7 C:\xampp\htdocs\dungvd\index.php(17): require('C:\\xampp\\htdocs...')
#8 {main}
  thrown in C:\xampp\htdocs\dungvd\wp-content\themes\cct\inc\modules\footer.php on line 117

2021-07-22T18:54:20+00:00 CRITICAL Uncaught Error: Cannot use object of type WP_Term as array in C:\xampp\htdocs\dungvd\wp-content\themes\cct\inc\modules\footer.php:108
Stack trace:
#0 C:\xampp\htdocs\dungvd\wp-content\themes\cct\footer.php(5): cct_footer_area()
#1 C:\xampp\htdocs\dungvd\wp-includes\template.php(770): require_once('C:\\xampp\\htdocs...')
#2 C:\xampp\htdocs\dungvd\wp-includes\template.php(716): load_template('C:\\xampp\\htdocs...', true, Array)
#3 C:\xampp\htdocs\dungvd\wp-includes\general-template.php(92): locate_template(Array, true, true, Array)
#4 C:\xampp\htdocs\dungvd\wp-content\themes\cct\index.php(8): get_footer()
#5 C:\xampp\htdocs\dungvd\wp-includes\template-loader.php(106): include('C:\\xampp\\htdocs...')
#6 C:\xampp\htdocs\dungvd\wp-blog-header.php(19): require_once('C:\\xampp\\htdocs...')
#7 C:\xampp\htdocs\dungvd\index.php(17): require('C:\\xampp\\htdocs...')
#8 {main}
  thrown in C:\xampp\htdocs\dungvd\wp-content\themes\cct\inc\modules\footer.php on line 108

2021-07-22T18:54:22+00:00 CRITICAL Uncaught Error: Cannot use object of type WP_Term as array in C:\xampp\htdocs\dungvd\wp-content\themes\cct\inc\modules\footer.php:108
Stack trace:
#0 C:\xampp\htdocs\dungvd\wp-content\themes\cct\footer.php(5): cct_footer_area()
#1 C:\xampp\htdocs\dungvd\wp-includes\template.php(770): require_once('C:\\xampp\\htdocs...')
#2 C:\xampp\htdocs\dungvd\wp-includes\template.php(716): load_template('C:\\xampp\\htdocs...', true, Array)
#3 C:\xampp\htdocs\dungvd\wp-includes\general-template.php(92): locate_template(Array, true, true, Array)
#4 C:\xampp\htdocs\dungvd\wp-content\themes\cct\404.php(12): get_footer()
#5 C:\xampp\htdocs\dungvd\wp-includes\template-loader.php(106): include('C:\\xampp\\htdocs...')
#6 C:\xampp\htdocs\dungvd\wp-blog-header.php(19): require_once('C:\\xampp\\htdocs...')
#7 C:\xampp\htdocs\dungvd\index.php(17): require('C:\\xampp\\htdocs...')
#8 {main}
  thrown in C:\xampp\htdocs\dungvd\wp-content\themes\cct\inc\modules\footer.php on line 108

2021-07-22T18:54:41+00:00 CRITICAL Uncaught Error: Cannot use object of type WP_Term as array in C:\xampp\htdocs\dungvd\wp-content\themes\cct\inc\modules\footer.php:108
Stack trace:
#0 C:\xampp\htdocs\dungvd\wp-content\themes\cct\footer.php(5): cct_footer_area()
#1 C:\xampp\htdocs\dungvd\wp-includes\template.php(770): require_once('C:\\xampp\\htdocs...')
#2 C:\xampp\htdocs\dungvd\wp-includes\template.php(716): load_template('C:\\xampp\\htdocs...', true, Array)
#3 C:\xampp\htdocs\dungvd\wp-includes\general-template.php(92): locate_template(Array, true, true, Array)
#4 C:\xampp\htdocs\dungvd\wp-content\themes\cct\index.php(8): get_footer()
#5 C:\xampp\htdocs\dungvd\wp-includes\template-loader.php(106): include('C:\\xampp\\htdocs...')
#6 C:\xampp\htdocs\dungvd\wp-blog-header.php(19): require_once('C:\\xampp\\htdocs...')
#7 C:\xampp\htdocs\dungvd\index.php(17): require('C:\\xampp\\htdocs...')
#8 {main}
  thrown in C:\xampp\htdocs\dungvd\wp-content\themes\cct\inc\modules\footer.php on line 108

2021-07-22T18:54:43+00:00 CRITICAL Uncaught Error: Cannot use object of type WP_Term as array in C:\xampp\htdocs\dungvd\wp-content\themes\cct\inc\modules\footer.php:108
Stack trace:
#0 C:\xampp\htdocs\dungvd\wp-content\themes\cct\footer.php(5): cct_footer_area()
#1 C:\xampp\htdocs\dungvd\wp-includes\template.php(770): require_once('C:\\xampp\\htdocs...')
#2 C:\xampp\htdocs\dungvd\wp-includes\template.php(716): load_template('C:\\xampp\\htdocs...', true, Array)
#3 C:\xampp\htdocs\dungvd\wp-includes\general-template.php(92): locate_template(Array, true, true, Array)
#4 C:\xampp\htdocs\dungvd\wp-content\themes\cct\404.php(12): get_footer()
#5 C:\xampp\htdocs\dungvd\wp-includes\template-loader.php(106): include('C:\\xampp\\htdocs...')
#6 C:\xampp\htdocs\dungvd\wp-blog-header.php(19): require_once('C:\\xampp\\htdocs...')
#7 C:\xampp\htdocs\dungvd\index.php(17): require('C:\\xampp\\htdocs...')
#8 {main}
  thrown in C:\xampp\htdocs\dungvd\wp-content\themes\cct\inc\modules\footer.php on line 108

2021-07-22T18:55:26+00:00 CRITICAL Uncaught Error: Cannot use object of type WP_Term as array in C:\xampp\htdocs\dungvd\wp-content\themes\cct\inc\modules\footer.php:108
Stack trace:
#0 C:\xampp\htdocs\dungvd\wp-content\themes\cct\footer.php(5): cct_footer_area()
#1 C:\xampp\htdocs\dungvd\wp-includes\template.php(770): require_once('C:\\xampp\\htdocs...')
#2 C:\xampp\htdocs\dungvd\wp-includes\template.php(716): load_template('C:\\xampp\\htdocs...', true, Array)
#3 C:\xampp\htdocs\dungvd\wp-includes\general-template.php(92): locate_template(Array, true, true, Array)
#4 C:\xampp\htdocs\dungvd\wp-content\themes\cct\index.php(8): get_footer()
#5 C:\xampp\htdocs\dungvd\wp-includes\template-loader.php(106): include('C:\\xampp\\htdocs...')
#6 C:\xampp\htdocs\dungvd\wp-blog-header.php(19): require_once('C:\\xampp\\htdocs...')
#7 C:\xampp\htdocs\dungvd\index.php(17): require('C:\\xampp\\htdocs...')
#8 {main}
  thrown in C:\xampp\htdocs\dungvd\wp-content\themes\cct\inc\modules\footer.php on line 108

2021-07-22T18:55:30+00:00 CRITICAL Uncaught Error: Cannot use object of type WP_Term as array in C:\xampp\htdocs\dungvd\wp-content\themes\cct\inc\modules\footer.php:108
Stack trace:
#0 C:\xampp\htdocs\dungvd\wp-content\themes\cct\footer.php(5): cct_footer_area()
#1 C:\xampp\htdocs\dungvd\wp-includes\template.php(770): require_once('C:\\xampp\\htdocs...')
#2 C:\xampp\htdocs\dungvd\wp-includes\template.php(716): load_template('C:\\xampp\\htdocs...', true, Array)
#3 C:\xampp\htdocs\dungvd\wp-includes\general-template.php(92): locate_template(Array, true, true, Array)
#4 C:\xampp\htdocs\dungvd\wp-content\themes\cct\404.php(12): get_footer()
#5 C:\xampp\htdocs\dungvd\wp-includes\template-loader.php(106): include('C:\\xampp\\htdocs...')
#6 C:\xampp\htdocs\dungvd\wp-blog-header.php(19): require_once('C:\\xampp\\htdocs...')
#7 C:\xampp\htdocs\dungvd\index.php(17): require('C:\\xampp\\htdocs...')
#8 {main}
  thrown in C:\xampp\htdocs\dungvd\wp-content\themes\cct\inc\modules\footer.php on line 108

