2021-07-21T08:28:18+00:00 CRITICAL Uncaught Error: Class 'O2_Customizer_Icon_Picker_Control' not found in C:\xampp\htdocs\dungvd\wp-content\themes\cct\theme-customize\footer.php:51
Stack trace:
#0 C:\xampp\htdocs\dungvd\wp-includes\class-wp-hook.php(303): cct_customize_register(Object(WP_Customize_Manager))
#1 C:\xampp\htdocs\dungvd\wp-includes\class-wp-hook.php(327): WP_Hook->apply_filters(NULL, Array)
#2 C:\xampp\htdocs\dungvd\wp-includes\plugin.php(470): WP_Hook->do_action(Array)
#3 C:\xampp\htdocs\dungvd\wp-includes\class-wp-customize-manager.php(933): do_action('customize_regis...', Object(WP_Customize_Manager))
#4 C:\xampp\htdocs\dungvd\wp-includes\class-wp-hook.php(303): WP_Customize_Manager->wp_loaded('')
#5 C:\xampp\htdocs\dungvd\wp-includes\class-wp-hook.php(327): WP_Hook->apply_filters(NULL, Array)
#6 C:\xampp\htdocs\dungvd\wp-includes\plugin.php(470): WP_Hook->do_action(Array)
#7 C:\xampp\htdocs\dungvd\wp-settings.php(600): do_action('wp_loaded')
#8 C:\xampp\htdocs\dungvd\wp-config.php(90): require_once('C:\\xampp\\htdocs...')
#9 C in C:\xampp\htdocs\dungvd\wp-content\themes\cct\theme-customize\footer.php on line 51

2021-07-21T08:28:38+00:00 CRITICAL Uncaught Error: Class 'O2_Customizer_Icon_Picker_Control' not found in C:\xampp\htdocs\dungvd\wp-content\themes\cct\theme-customize\footer.php:51
Stack trace:
#0 C:\xampp\htdocs\dungvd\wp-includes\class-wp-hook.php(303): cct_customize_register(Object(WP_Customize_Manager))
#1 C:\xampp\htdocs\dungvd\wp-includes\class-wp-hook.php(327): WP_Hook->apply_filters(NULL, Array)
#2 C:\xampp\htdocs\dungvd\wp-includes\plugin.php(470): WP_Hook->do_action(Array)
#3 C:\xampp\htdocs\dungvd\wp-includes\class-wp-customize-manager.php(933): do_action('customize_regis...', Object(WP_Customize_Manager))
#4 C:\xampp\htdocs\dungvd\wp-includes\class-wp-hook.php(303): WP_Customize_Manager->wp_loaded('')
#5 C:\xampp\htdocs\dungvd\wp-includes\class-wp-hook.php(327): WP_Hook->apply_filters(NULL, Array)
#6 C:\xampp\htdocs\dungvd\wp-includes\plugin.php(470): WP_Hook->do_action(Array)
#7 C:\xampp\htdocs\dungvd\wp-settings.php(600): do_action('wp_loaded')
#8 C:\xampp\htdocs\dungvd\wp-config.php(90): require_once('C:\\xampp\\htdocs...')
#9 C in C:\xampp\htdocs\dungvd\wp-content\themes\cct\theme-customize\footer.php on line 51

2021-07-21T08:30:27+00:00 CRITICAL Uncaught Error: Class 'O2_Customizer_Icon_Picker_Control' not found in C:\xampp\htdocs\dungvd\wp-content\themes\cct\theme-customize\footer.php:51
Stack trace:
#0 C:\xampp\htdocs\dungvd\wp-includes\class-wp-hook.php(303): cct_customize_register(Object(WP_Customize_Manager))
#1 C:\xampp\htdocs\dungvd\wp-includes\class-wp-hook.php(327): WP_Hook->apply_filters(NULL, Array)
#2 C:\xampp\htdocs\dungvd\wp-includes\plugin.php(470): WP_Hook->do_action(Array)
#3 C:\xampp\htdocs\dungvd\wp-includes\class-wp-customize-manager.php(933): do_action('customize_regis...', Object(WP_Customize_Manager))
#4 C:\xampp\htdocs\dungvd\wp-includes\class-wp-hook.php(303): WP_Customize_Manager->wp_loaded('')
#5 C:\xampp\htdocs\dungvd\wp-includes\class-wp-hook.php(327): WP_Hook->apply_filters(NULL, Array)
#6 C:\xampp\htdocs\dungvd\wp-includes\plugin.php(470): WP_Hook->do_action(Array)
#7 C:\xampp\htdocs\dungvd\wp-settings.php(600): do_action('wp_loaded')
#8 C:\xampp\htdocs\dungvd\wp-config.php(90): require_once('C:\\xampp\\htdocs...')
#9 C in C:\xampp\htdocs\dungvd\wp-content\themes\cct\theme-customize\footer.php on line 51

2021-07-21T08:31:46+00:00 CRITICAL Uncaught Error: Class 'O2_Customizer_Icon_Picker_Control' not found in C:\xampp\htdocs\dungvd\wp-content\themes\cct\theme-customize\footer.php:51
Stack trace:
#0 C:\xampp\htdocs\dungvd\wp-includes\class-wp-hook.php(303): cct_customize_register(Object(WP_Customize_Manager))
#1 C:\xampp\htdocs\dungvd\wp-includes\class-wp-hook.php(327): WP_Hook->apply_filters(NULL, Array)
#2 C:\xampp\htdocs\dungvd\wp-includes\plugin.php(470): WP_Hook->do_action(Array)
#3 C:\xampp\htdocs\dungvd\wp-includes\class-wp-customize-manager.php(933): do_action('customize_regis...', Object(WP_Customize_Manager))
#4 C:\xampp\htdocs\dungvd\wp-includes\class-wp-hook.php(303): WP_Customize_Manager->wp_loaded('')
#5 C:\xampp\htdocs\dungvd\wp-includes\class-wp-hook.php(327): WP_Hook->apply_filters(NULL, Array)
#6 C:\xampp\htdocs\dungvd\wp-includes\plugin.php(470): WP_Hook->do_action(Array)
#7 C:\xampp\htdocs\dungvd\wp-settings.php(600): do_action('wp_loaded')
#8 C:\xampp\htdocs\dungvd\wp-config.php(90): require_once('C:\\xampp\\htdocs...')
#9 C in C:\xampp\htdocs\dungvd\wp-content\themes\cct\theme-customize\footer.php on line 51

2021-07-21T08:31:53+00:00 CRITICAL Uncaught Error: Class 'O2_Customizer_Icon_Picker_Control' not found in C:\xampp\htdocs\dungvd\wp-content\themes\cct\theme-customize\footer.php:51
Stack trace:
#0 C:\xampp\htdocs\dungvd\wp-includes\class-wp-hook.php(303): cct_customize_register(Object(WP_Customize_Manager))
#1 C:\xampp\htdocs\dungvd\wp-includes\class-wp-hook.php(327): WP_Hook->apply_filters(NULL, Array)
#2 C:\xampp\htdocs\dungvd\wp-includes\plugin.php(470): WP_Hook->do_action(Array)
#3 C:\xampp\htdocs\dungvd\wp-includes\class-wp-customize-manager.php(933): do_action('customize_regis...', Object(WP_Customize_Manager))
#4 C:\xampp\htdocs\dungvd\wp-includes\class-wp-hook.php(303): WP_Customize_Manager->wp_loaded('')
#5 C:\xampp\htdocs\dungvd\wp-includes\class-wp-hook.php(327): WP_Hook->apply_filters(NULL, Array)
#6 C:\xampp\htdocs\dungvd\wp-includes\plugin.php(470): WP_Hook->do_action(Array)
#7 C:\xampp\htdocs\dungvd\wp-settings.php(600): do_action('wp_loaded')
#8 C:\xampp\htdocs\dungvd\wp-config.php(90): require_once('C:\\xampp\\htdocs...')
#9 C in C:\xampp\htdocs\dungvd\wp-content\themes\cct\theme-customize\footer.php on line 51

2021-07-21T08:32:43+00:00 CRITICAL Uncaught Error: Class 'O2_Customizer_Icon_Picker_Control' not found in C:\xampp\htdocs\dungvd\wp-content\themes\cct\theme-customize\footer.php:51
Stack trace:
#0 C:\xampp\htdocs\dungvd\wp-includes\class-wp-hook.php(303): cct_customize_register(Object(WP_Customize_Manager))
#1 C:\xampp\htdocs\dungvd\wp-includes\class-wp-hook.php(327): WP_Hook->apply_filters(NULL, Array)
#2 C:\xampp\htdocs\dungvd\wp-includes\plugin.php(470): WP_Hook->do_action(Array)
#3 C:\xampp\htdocs\dungvd\wp-includes\class-wp-customize-manager.php(933): do_action('customize_regis...', Object(WP_Customize_Manager))
#4 C:\xampp\htdocs\dungvd\wp-includes\class-wp-hook.php(303): WP_Customize_Manager->wp_loaded('')
#5 C:\xampp\htdocs\dungvd\wp-includes\class-wp-hook.php(327): WP_Hook->apply_filters(NULL, Array)
#6 C:\xampp\htdocs\dungvd\wp-includes\plugin.php(470): WP_Hook->do_action(Array)
#7 C:\xampp\htdocs\dungvd\wp-settings.php(600): do_action('wp_loaded')
#8 C:\xampp\htdocs\dungvd\wp-config.php(90): require_once('C:\\xampp\\htdocs...')
#9 C in C:\xampp\htdocs\dungvd\wp-content\themes\cct\theme-customize\footer.php on line 51

2021-07-21T08:45:54+00:00 CRITICAL Uncaught Error: Class 'ACFFA_get_icons' not found in C:\xampp\htdocs\dungvd\wp-content\themes\cct\theme-customize\footer.php:40
Stack trace:
#0 C:\xampp\htdocs\dungvd\wp-includes\class-wp-hook.php(303): cct_customize_register(Object(WP_Customize_Manager))
#1 C:\xampp\htdocs\dungvd\wp-includes\class-wp-hook.php(327): WP_Hook->apply_filters(NULL, Array)
#2 C:\xampp\htdocs\dungvd\wp-includes\plugin.php(470): WP_Hook->do_action(Array)
#3 C:\xampp\htdocs\dungvd\wp-includes\class-wp-customize-manager.php(933): do_action('customize_regis...', Object(WP_Customize_Manager))
#4 C:\xampp\htdocs\dungvd\wp-includes\class-wp-hook.php(303): WP_Customize_Manager->wp_loaded('')
#5 C:\xampp\htdocs\dungvd\wp-includes\class-wp-hook.php(327): WP_Hook->apply_filters(NULL, Array)
#6 C:\xampp\htdocs\dungvd\wp-includes\plugin.php(470): WP_Hook->do_action(Array)
#7 C:\xampp\htdocs\dungvd\wp-settings.php(600): do_action('wp_loaded')
#8 C:\xampp\htdocs\dungvd\wp-config.php(90): require_once('C:\\xampp\\htdocs...')
#9 C:\xampp\htdocs\dun in C:\xampp\htdocs\dungvd\wp-content\themes\cct\theme-customize\footer.php on line 40

